NAOU16017 (Jordan.Kalfen) : Updating - Tue May 09 20:38:53 2017 GMT from \\chisrc1\src and \\chisrc1\data based on c:\Users\Jordan.Kalfen\Work\sldev\util\superupd\superupd.dat
         NAOU16017 : ROUTE, BRIDGE, RM Dir=C:\SUPER
NAOU16017 (Jordan.Kalfen) : Complete - Tue May 09 20:39:04 2017 GMT(ET=0.18 m)
NAOU16017 (Jordan.Kalfen) : Updating - Tue May 09 20:44:11 2017 GMT from \\chisrc1\src and \\chisrc1\data based on c:\Users\Jordan.Kalfen\Work\sldev\util\superupd\superupd.dat
         NAOU16017 : ROUTE, BRIDGE, RM Dir=C:\SUPER
         NAOU16017 : AL-PASS Dir=C:\ALPASS
NAOU16017 (Jordan.Kalfen) : Complete - Tue May 09 20:44:27 2017 GMT(ET=0.27 m)
NAOU16017 (Jordan.Kalfen) : Updating - Tue May 09 20:51:43 2017 GMT from \\chisrc1\src and \\chisrc1\data based on c:\Users\Jordan.Kalfen\Work\sldev\util\superupd\superupd.dat
         NAOU16017 : ROUTE, BRIDGE, RM Dir=C:\SUPER
NAOU16017 (Jordan.Kalfen) : Complete - Tue May 09 20:51:54 2017 GMT(ET=0.18 m)
NAOU16017 (Jordan.Kalfen) : Updating - Tue May 09 20:54:57 2017 GMT from \\chisrc1\src and \\chisrc1\data based on c:\Users\Jordan.Kalfen\Work\sldev\util\superupd\superupd.dat
         NAOU16017 : ROUTE, BRIDGE, RM Dir=C:\SUPER
NAOU16017 (Jordan.Kalfen) : Complete - Tue May 09 20:55:04 2017 GMT(ET=0.12 m)
NAOU16017 (Jordan.Kalfen) : Updating - Tue May 09 20:55:26 2017 GMT from \\chisrc1\src and \\chisrc1\data based on c:\Users\Jordan.Kalfen\Work\sldev\util\superupd\superupd.dat
         NAOU16017 : ROUTE, BRIDGE, RM Dir=C:\SUPER
NAOU16017 (Jordan.Kalfen) : Complete - Tue May 09 20:55:32 2017 GMT(ET=0.10 m)
NAOU16017 (Jordan.Kalfen) : Updating - Tue May 09 20:57:27 2017 GMT from \\chisrc1\src and \\chisrc1\data based on c:\Users\Jordan.Kalfen\Work\sldev\util\superupd\superupd.dat
         NAOU16017 : ROUTE, BRIDGE, RM Dir=C:\SUPER
NAOU16017 (Jordan.Kalfen) : Complete - Tue May 09 20:57:33 2017 GMT(ET=0.10 m)
NAOU16017 (Jordan.Kalfen) : Updating - Tue May 09 20:59:02 2017 GMT from \\chisrc1\src and \\chisrc1\data based on c:\Users\Jordan.Kalfen\Work\sldev\util\superupd\superupd.dat
         NAOU16017 : ROUTE, BRIDGE, RM Dir=C:\SUPER
NAOU16017 (Jordan.Kalfen) : Complete - Tue May 09 20:59:09 2017 GMT(ET=0.12 m)
NAOU16017 (Jordan.Kalfen) : Updating - Wed May 10 12:20:48 2017 GMT from \\chisrc1\src and \\chisrc1\data based on c:\Users\Jordan.Kalfen\Work\sldev\util\superupd\superupd.dat
         NAOU16017 : ROUTE, BRIDGE, RM Dir=C:\SUPER
NAOU16017 (Jordan.Kalfen) : Complete - Wed May 10 12:20:56 2017 GMT(ET=0.13 m)
NAOU16017 (Jordan.Kalfen) : Updating - Wed May 10 16:35:48 2017 GMT from \\chisrc1\src and \\chisrc1\data based on c:\Users\Jordan.Kalfen\Work\sldev\util\superupd\superupd.dat
         NAOU16017 : ROUTE, BRIDGE, RM Dir=C:\SUPER
NAOU16017 (Jordan.Kalfen) : Complete - Wed May 10 16:36:02 2017 GMT(ET=0.23 m)
NAOU16017 (Jordan.Kalfen) : Updating - Wed May 10 17:12:26 2017 GMT from \\chisrc1\src and \\chisrc1\data based on c:\Users\Jordan.Kalfen\Work\sldev\util\superupd\superupd.dat
NAOU16017 (Jordan.Kalfen) : Batch Creation ONLY
         NAOU16017 : ROUTE, BRIDGE, RM Dir=C:\SUPER
         NAOU16017 : BaseESuper
         NAOU16017 : BaseEpass
         NAOU16017 : IA-ePASS Dir=C:\INETPUB\WWWROOT\IAPS
         NAOU16017 : IA DATA Dir=C:\SUPER Update by date
         NAOU16017 : BaseESuperClean
NAOU16017 (Jordan.Kalfen) : Superupd.bat batch file was created successfully.

File = c:\superupd.bat
NAOU16017 (Jordan.Kalfen) : Updating - Wed May 10 17:15:41 2017 GMT from \\chisrc1\src and \\chisrc1\data based on c:\Users\Jordan.Kalfen\Work\sldev\util\superupd\superupd.dat
NAOU16017 (Jordan.Kalfen) : Batch Creation ONLY
         NAOU16017 : ROUTE, BRIDGE, RM Dir=C:\SUPER
         NAOU16017 : BaseESuper
         NAOU16017 : BaseEpass
         NAOU16017 : IA-ePASS Dir=C:\INETPUB\WWWROOT\IAPS
         NAOU16017 : IA DATA Dir=C:\SUPER Update by date
         NAOU16017 : BaseESuperClean
NAOU16017 (Jordan.Kalfen) : Superupd.bat batch file was created successfully.

File = c:\superupd.bat
NAOU16017 (Jordan.Kalfen) : Updating - Wed May 10 17:15:50 2017 GMT from \\chisrc1\src and \\chisrc1\data based on c:\Users\Jordan.Kalfen\Work\sldev\util\superupd\superupd.dat
NAOU16017 (Jordan.Kalfen) : Batch Creation ONLY
         NAOU16017 : ROUTE, BRIDGE, RM Dir=C:\SUPER
         NAOU16017 : BaseESuper
         NAOU16017 : BaseEpass
         NAOU16017 : IA-ePASS Dir=C:\INETPUB\WWWROOT\IAPS
         NAOU16017 : IA DATA Dir=C:\SUPER Update by date
         NAOU16017 : BaseESuperClean
NAOU16017 (Jordan.Kalfen) : Superupd.bat batch file was created successfully.

File = c:\superupd.bat
NAOU16017 (Jordan.Kalfen) : Updating - Wed May 10 17:35:51 2017 GMT from \\chisrc1\src and \\chisrc1\data based on C:\Users\Jordan.Kalfen\Work\sldev\util\superupd\superupd.dat
         NAOU16017 : ROUTE, BRIDGE, RM Dir=C:\SUPER
         NAOU16017 : BaseESuper
         NAOU16017 : BaseEpass
         NAOU16017 : IA-ePASS Dir=C:\INETPUB\WWWROOT\IAPS
         NAOU16017 : IA DATA Dir=C:\SUPER Update by date
         NAOU16017 : BaseESuperClean
NAOU16017 (Jordan.Kalfen) : Complete - Wed May 10 17:39:50 2017 GMT(ET=3.98 m)
NAOU16017 (Jordan.Kalfen) : Updating - Wed May 10 17:39:54 2017 GMT from \\chisrc1\src and \\chisrc1\data based on C:\Users\Jordan.Kalfen\Work\sldev\util\superupd\superupd.dat
NAOU16017 (Jordan.Kalfen) : Batch Creation ONLY
         NAOU16017 : ROUTE, BRIDGE, RM Dir=C:\SUPER
         NAOU16017 : BaseESuper
         NAOU16017 : BaseEpass
         NAOU16017 : IA-ePASS Dir=C:\INETPUB\WWWROOT\IAPS
         NAOU16017 : IA DATA Dir=C:\SUPER Update by date
         NAOU16017 : BaseESuperClean
NAOU16017 (Jordan.Kalfen) : Superupd.bat batch file was created successfully.

File = c:\superupd.bat
NAOU16017 (Jordan.Kalfen) : Updating - Wed May 10 17:47:15 2017 GMT from \\chisrc1\src and \\chisrc1\data based on C:\Users\Jordan.Kalfen\Work\sldev\util\superupd\superupd.dat
NAOU16017 (Jordan.Kalfen) : Batch Creation ONLY
         NAOU16017 : ROUTE, BRIDGE, RM Dir=C:\SUPER
         NAOU16017 : BaseESuper
         NAOU16017 : BaseEpass
         NAOU16017 : IA-ePASS Dir=C:\INETPUB\WWWROOT\IAPS
         NAOU16017 : IA DATA Dir=C:\SUPER Update by date
         NAOU16017 : BaseESuperClean
NAOU16017 (Jordan.Kalfen) : Superupd.bat batch file was created successfully.

File = c:\superupd.bat
NAOU16017 (Jordan.Kalfen) : Updating - Wed May 10 19:04:57 2017 GMT from \\chisrc1\src and \\chisrc1\data based on C:\Users\Jordan.Kalfen\Work\sldev\util\superupd\superupd.dat
NAOU16017 (Jordan.Kalfen) : Batch Creation ONLY
         NAOU16017 : ROUTE, BRIDGE, RM Dir=C:\SUPER
         NAOU16017 : BaseESuper
         NAOU16017 : BaseEpass
         NAOU16017 : IA-ePASS Dir=C:\INETPUB\WWWROOT\IAPS
         NAOU16017 : IA DATA Dir=C:\SUPER Update by date
         NAOU16017 : BaseESuperClean
NAOU16017 (Jordan.Kalfen) : Superupd.bat batch file was created successfully.

File = c:\superupd.bat
NAOU16017 (Jordan.Kalfen) : Updating - Wed May 10 19:06:40 2017 GMT from \\chisrc1\src and \\chisrc1\data based on C:\Users\Jordan.Kalfen\Work\sldev\util\superupd\superupd.dat
NAOU16017 (Jordan.Kalfen) : Batch Creation ONLY
         NAOU16017 : ROUTE, BRIDGE, RM Dir=C:\SUPER
         NAOU16017 : BaseESuper
         NAOU16017 : BaseEpass
         NAOU16017 : IA-ePASS Dir=C:\INETPUB\WWWROOT\IAPS
         NAOU16017 : IA DATA Dir=C:\SUPER Update by date
         NAOU16017 : BaseESuperClean
NAOU16017 (Jordan.Kalfen) : Superupd.bat batch file was created successfully.

File = c:\superupd.bat
NAOU16017 (Jordan.Kalfen) : Updating - Wed May 10 19:22:28 2017 GMT from \\chisrc1\src and \\chisrc1\data based on C:\Users\Jordan.Kalfen\Work\sldev\util\superupd\superupd.dat
NAOU16017 (Jordan.Kalfen) : Batch Creation ONLY
         NAOU16017 : ROUTE, BRIDGE, RM Dir=C:\SUPER
         NAOU16017 : BaseESuper
         NAOU16017 : BaseEpass
         NAOU16017 : IA-ePASS Dir=C:\INETPUB\WWWROOT\IAPS
         NAOU16017 : BaseERM Dir=C:\INETPUB\WWWROOT\IAPS
         NAOU16017 : IA-eRM Dir=C:\INETPUB\WWWROOT\IARSTMGR
         NAOU16017 : IA DATA Dir=C:\SUPER Update by date
         NAOU16017 : BaseESuperClean
NAOU16017 (Jordan.Kalfen) : Superupd.bat batch file was created successfully.

File = c:\superupd.bat
NAOU16017 (Jordan.Kalfen) : Updating - Wed May 10 19:25:48 2017 GMT from \\chisrc1\src and \\chisrc1\data based on C:\Users\Jordan.Kalfen\Work\sldev\util\superupd\superupd.dat
NAOU16017 (Jordan.Kalfen) : Batch Creation ONLY
         NAOU16017 : ROUTE, BRIDGE, RM Dir=C:\SUPER
         NAOU16017 : BaseESuper
         NAOU16017 : BaseEpass
         NAOU16017 : MO-ePASS Dir=C:\INETPUB\WWWROOT\MOPASS
         NAOU16017 : BaseERM Dir=C:\INETPUB\WWWROOT\MOPASS
         NAOU16017 : MO-eRM Dir=C:\INETPUB\WWWROOT\MORSTMGR
         NAOU16017 : MO DATA Dir=C:\SUPER Update by date
         NAOU16017 : BaseESuperClean
NAOU16017 (Jordan.Kalfen) : Superupd.bat batch file was created successfully.

File = c:\superupd.bat
NAOU16017 (Jordan.Kalfen) : Updating - Wed May 10 19:38:39 2017 GMT from \\chisrc1\src and \\chisrc1\data based on C:\Users\Jordan.Kalfen\Work\sldev\util\superupd\superupd.dat
NAOU16017 (Jordan.Kalfen) : Batch Creation ONLY
         NAOU16017 : ROUTE, BRIDGE, RM Dir=C:\SUPER
         NAOU16017 : BaseESuper
         NAOU16017 : BaseEpass
         NAOU16017 : MSPORTAL Dir=C:\INETPUB\WWWROOT\MSPORTAL
         NAOU16017 : AL DATA Dir=C:\SUPER Update by date
         NAOU16017 : NE DATA Dir=C:\SUPER Update by date
         NAOU16017 : NJ DATA Dir=C:\SUPER Update by date
         NAOU16017 : OH DATA Dir=C:\SUPER Update by date
         NAOU16017 : QLD DATA Dir=C:\SUPER Update by date
         NAOU16017 : SD DATA Dir=C:\SUPER Update by date
         NAOU16017 : WV DATA Dir=C:\SUPER Update by date
         NAOU16017 : BaseESuperClean
NAOU16017 (Jordan.Kalfen) : Superupd.bat batch file was created successfully.

File = c:\superupd.bat
NAOU16017 (Jordan.Kalfen) : Updating - Wed May 10 19:38:45 2017 GMT from \\chisrc1\src and \\chisrc1\data based on C:\Users\Jordan.Kalfen\Work\sldev\util\superupd\superupd.dat
         NAOU16017 : ROUTE, BRIDGE, RM Dir=C:\SUPER
         NAOU16017 : BaseESuper
         NAOU16017 : BaseEpass
         NAOU16017 : MSPORTAL Dir=C:\INETPUB\WWWROOT\MSPORTAL
         NAOU16017 : AL DATA Dir=C:\SUPER Update by date
         NAOU16017 : NE DATA Dir=C:\SUPER Update by date
         NAOU16017 : NJ DATA Dir=C:\SUPER Update by date
         NAOU16017 : OH DATA Dir=C:\SUPER Update by date
         NAOU16017 : QLD DATA Dir=C:\SUPER Update by date
         NAOU16017 : SD DATA Dir=C:\SUPER Update by date
         NAOU16017 : WV DATA Dir=C:\SUPER Update by date
         NAOU16017 : BaseESuperClean
NAOU16017 (Jordan.Kalfen) : Complete - Wed May 10 19:42:51 2017 GMT(ET=4.10 m)
NAOU16017 (Jordan.Kalfen) : Updating - Wed May 10 20:07:42 2017 GMT from \\chisrc1\src and \\chisrc1\data based on C:\Users\Jordan.Kalfen\Work\sldev\util\superupd\superupd.dat
         NAOU16017 : ROUTE, BRIDGE, RM Dir=C:\SUPER
         NAOU16017 : BaseESuper
         NAOU16017 : BaseEpass
         NAOU16017 : MSPORTAL Dir=C:\INETPUB\WWWROOT\MSPORTAL
         NAOU16017 : AL DATA Dir=C:\SUPER Update by date
         NAOU16017 : NE DATA Dir=C:\SUPER Update by date
         NAOU16017 : NJ DATA Dir=C:\SUPER Update by date
         NAOU16017 : OH DATA Dir=C:\SUPER Update by date
         NAOU16017 : QLD DATA Dir=C:\SUPER Update by date
         NAOU16017 : SD DATA Dir=C:\SUPER Update by date
         NAOU16017 : WV DATA Dir=C:\SUPER Update by date
         NAOU16017 : BaseESuperClean
NAOU16017 (Jordan.Kalfen) : Complete - Wed May 10 20:09:01 2017 GMT(ET=1.32 m)
NAOU16017 (Jordan.Kalfen) : Updating - Wed May 10 20:13:08 2017 GMT from \\chisrc1\src and \\chisrc1\data based on C:\Users\Jordan.Kalfen\Work\sldev\util\superupd\superupd.dat
         NAOU16017 : ROUTE, BRIDGE, RM Dir=C:\SUPER
         NAOU16017 : BaseESuper
         NAOU16017 : BaseEpass
         NAOU16017 : MSPORTAL Dir=C:\INETPUB\WWWROOT\MSPORTAL
         NAOU16017 : AL DATA Dir=C:\SUPER Update by date
         NAOU16017 : NE DATA Dir=C:\SUPER Update by date
         NAOU16017 : NJ DATA Dir=C:\SUPER Update by date
         NAOU16017 : OH DATA Dir=C:\SUPER Update by date
         NAOU16017 : QLD DATA Dir=C:\SUPER Update by date
         NAOU16017 : SD DATA Dir=C:\SUPER Update by date
         NAOU16017 : WV DATA Dir=C:\SUPER Update by date
         NAOU16017 : BaseESuperClean
NAOU16017 (Jordan.Kalfen) : Complete - Wed May 10 20:14:23 2017 GMT(ET=1.25 m)
NAOU16017 (Jordan.Kalfen) : Updating - Wed May 10 20:16:26 2017 GMT from \\chisrc1\src and \\chisrc1\data based on C:\Users\Jordan.Kalfen\Work\sldev\util\superupd\superupd.dat
         NAOU16017 : ROUTE, BRIDGE, RM Dir=C:\SUPER
         NAOU16017 : BaseESuper
         NAOU16017 : BaseEpass
         NAOU16017 : MSPORTAL Dir=C:\INETPUB\WWWROOT\MSPORTAL
         NAOU16017 : AL DATA Dir=C:\SUPER Update by date
         NAOU16017 : NE DATA Dir=C:\SUPER Update by date
         NAOU16017 : NJ DATA Dir=C:\SUPER Update by date
         NAOU16017 : OH DATA Dir=C:\SUPER Update by date
         NAOU16017 : QLD DATA Dir=C:\SUPER Update by date
         NAOU16017 : SD DATA Dir=C:\SUPER Update by date
         NAOU16017 : WV DATA Dir=C:\SUPER Update by date
         NAOU16017 : BaseESuperClean
NAOU16017 (Jordan.Kalfen) : Complete - Wed May 10 20:17:49 2017 GMT(ET=1.38 m)
NAOU16017 (Jordan.Kalfen) : Updating - Wed May 10 20:21:04 2017 GMT from \\chisrc1\src and \\chisrc1\data based on C:\Users\Jordan.Kalfen\Work\sldev\util\superupd\superupd.dat
         NAOU16017 : ROUTE, BRIDGE, RM Dir=C:\SUPER
         NAOU16017 : BaseESuper
         NAOU16017 : BaseEpass
         NAOU16017 : MSPORTAL Dir=C:\INETPUB\WWWROOT\MSPORTAL
         NAOU16017 : AL DATA Dir=C:\SUPER Update by date
         NAOU16017 : NE DATA Dir=C:\SUPER Update by date
         NAOU16017 : NJ DATA Dir=C:\SUPER Update by date
         NAOU16017 : OH DATA Dir=C:\SUPER Update by date
         NAOU16017 : QLD DATA Dir=C:\SUPER Update by date
         NAOU16017 : SD DATA Dir=C:\SUPER Update by date
         NAOU16017 : WV DATA Dir=C:\SUPER Update by date
         NAOU16017 : BaseESuperClean
NAOU16017 (Jordan.Kalfen) : Complete - Wed May 10 20:22:27 2017 GMT(ET=1.38 m)
NAOU16017 (Jordan.Kalfen) : Updating - Wed May 10 20:24:24 2017 GMT from \\chisrc1\src and \\chisrc1\data based on C:\Users\Jordan.Kalfen\Work\sldev\util\superupd\superupd.dat
         NAOU16017 : ROUTE, BRIDGE, RM Dir=C:\SUPER
         NAOU16017 : BaseESuper
         NAOU16017 : BaseEpass
         NAOU16017 : MSPORTAL Dir=C:\INETPUB\WWWROOT\MSPORTAL
         NAOU16017 : AL DATA Dir=C:\SUPER Update by date
         NAOU16017 : NE DATA Dir=C:\SUPER Update by date
         NAOU16017 : NJ DATA Dir=C:\SUPER Update by date
         NAOU16017 : OH DATA Dir=C:\SUPER Update by date
         NAOU16017 : QLD DATA Dir=C:\SUPER Update by date
         NAOU16017 : SD DATA Dir=C:\SUPER Update by date
         NAOU16017 : WV DATA Dir=C:\SUPER Update by date
         NAOU16017 : BaseESuperClean
NAOU16017 (Jordan.Kalfen) : Complete - Wed May 10 20:25:39 2017 GMT(ET=1.25 m)
NAOU16017 (Jordan.Kalfen) : Updating - Wed May 10 20:30:53 2017 GMT from \\chisrc1\src and \\chisrc1\data based on C:\Users\Jordan.Kalfen\Work\sldev\util\superupd\superupd.dat
         NAOU16017 : ROUTE, BRIDGE, RM Dir=C:\SUPER
         NAOU16017 : BaseESuper
         NAOU16017 : BaseEpass
         NAOU16017 : MSPORTAL Dir=C:\INETPUB\WWWROOT\MSPORTAL
         NAOU16017 : AL DATA Dir=C:\SUPER Update by date
         NAOU16017 : NE DATA Dir=C:\SUPER Update by date
         NAOU16017 : NJ DATA Dir=C:\SUPER Update by date
         NAOU16017 : OH DATA Dir=C:\SUPER Update by date
         NAOU16017 : QLD DATA Dir=C:\SUPER Update by date
         NAOU16017 : SD DATA Dir=C:\SUPER Update by date
         NAOU16017 : WV DATA Dir=C:\SUPER Update by date
         NAOU16017 : BaseESuperClean
NAOU16017 (Jordan.Kalfen) : Complete - Wed May 10 20:32:08 2017 GMT(ET=1.25 m)
NAOU16017 (Jordan.Kalfen) : Updating - Wed May 10 20:36:09 2017 GMT from \\chisrc1\src and \\chisrc1\data based on C:\Users\Jordan.Kalfen\Work\sldev\util\superupd\superupd.dat
         NAOU16017 : ROUTE, BRIDGE, RM Dir=C:\SUPER
         NAOU16017 : BaseESuper
         NAOU16017 : BaseEpass
         NAOU16017 : MSPORTAL Dir=C:\INETPUB\WWWROOT\MSPORTAL
         NAOU16017 : AL DATA Dir=C:\SUPER Update by date
         NAOU16017 : NE DATA Dir=C:\SUPER Update by date
         NAOU16017 : NJ DATA Dir=C:\SUPER Update by date
         NAOU16017 : OH DATA Dir=C:\SUPER Update by date
         NAOU16017 : QLD DATA Dir=C:\SUPER Update by date
         NAOU16017 : SD DATA Dir=C:\SUPER Update by date
         NAOU16017 : WV DATA Dir=C:\SUPER Update by date
         NAOU16017 : BaseESuperClean
NAOU16017 (Jordan.Kalfen) : Complete - Wed May 10 20:37:24 2017 GMT(ET=1.25 m)
NAOU16017 (Jordan.Kalfen) : Updating - Wed May 10 20:39:59 2017 GMT from \\chisrc1\src and \\chisrc1\data based on C:\Users\Jordan.Kalfen\Work\sldev\util\superupd\superupd.dat
         NAOU16017 : ROUTE, BRIDGE, RM Dir=C:\SUPER
         NAOU16017 : BaseESuper
         NAOU16017 : BaseEpass
         NAOU16017 : MSPORTAL Dir=C:\INETPUB\WWWROOT\MSPORTAL
         NAOU16017 : AL DATA Dir=C:\SUPER Update by date
         NAOU16017 : NE DATA Dir=C:\SUPER Update by date
         NAOU16017 : NJ DATA Dir=C:\SUPER Update by date
         NAOU16017 : OH DATA Dir=C:\SUPER Update by date
         NAOU16017 : QLD DATA Dir=C:\SUPER Update by date
         NAOU16017 : SD DATA Dir=C:\SUPER Update by date
         NAOU16017 : WV DATA Dir=C:\SUPER Update by date
         NAOU16017 : BaseESuperClean
NAOU16017 (Jordan.Kalfen) : Complete - Wed May 10 20:41:15 2017 GMT(ET=1.27 m)
NAOU16017 (Jordan.Kalfen) : Updating - Wed May 10 20:42:10 2017 GMT from \\chisrc1\src and \\chisrc1\data based on C:\Users\Jordan.Kalfen\Work\sldev\util\superupd\superupd.dat
         NAOU16017 : ROUTE, BRIDGE, RM Dir=C:\SUPER
         NAOU16017 : BaseESuper
         NAOU16017 : BaseEpass
         NAOU16017 : MSPORTAL Dir=C:\INETPUB\WWWROOT\MSPORTAL
         NAOU16017 : AL DATA Dir=C:\SUPER Update by date
         NAOU16017 : NE DATA Dir=C:\SUPER Update by date
         NAOU16017 : NJ DATA Dir=C:\SUPER Update by date
         NAOU16017 : OH DATA Dir=C:\SUPER Update by date
         NAOU16017 : QLD DATA Dir=C:\SUPER Update by date
         NAOU16017 : SD DATA Dir=C:\SUPER Update by date
         NAOU16017 : WV DATA Dir=C:\SUPER Update by date
         NAOU16017 : BaseESuperClean
NAOU16017 (Jordan.Kalfen) : Complete - Wed May 10 20:43:26 2017 GMT(ET=1.27 m)
NAOU16017 (Jordan.Kalfen) : Updating - Wed May 10 20:44:59 2017 GMT from \\chisrc1\src and \\chisrc1\data based on C:\Users\Jordan.Kalfen\Work\sldev\util\superupd\superupd.dat
         NAOU16017 : ROUTE, BRIDGE, RM Dir=C:\SUPER
         NAOU16017 : BaseESuper
         NAOU16017 : BaseEpass
         NAOU16017 : MSPORTAL Dir=C:\INETPUB\WWWROOT\MSPORTAL
         NAOU16017 : AL DATA Dir=C:\SUPER Update by date
         NAOU16017 : NE DATA Dir=C:\SUPER Update by date
         NAOU16017 : NJ DATA Dir=C:\SUPER Update by date
         NAOU16017 : OH DATA Dir=C:\SUPER Update by date
         NAOU16017 : QLD DATA Dir=C:\SUPER Update by date
         NAOU16017 : SD DATA Dir=C:\SUPER Update by date
         NAOU16017 : WV DATA Dir=C:\SUPER Update by date
         NAOU16017 : BaseESuperClean
NAOU16017 (Jordan.Kalfen) : Complete - Wed May 10 20:46:16 2017 GMT(ET=1.28 m)
NAOU16017 (Jordan.Kalfen) : Updating - Wed May 10 20:51:54 2017 GMT from \\chisrc1\src and \\chisrc1\data based on C:\Users\Jordan.Kalfen\Work\sldev\util\superupd\superupd.dat
         NAOU16017 : ROUTE, BRIDGE, RM Dir=C:\SUPER
         NAOU16017 : BaseESuper
         NAOU16017 : BaseEpass
         NAOU16017 : MSPORTAL Dir=C:\INETPUB\WWWROOT\MSPORTAL
         NAOU16017 : AL DATA Dir=C:\SUPER Update by date
         NAOU16017 : NE DATA Dir=C:\SUPER Update by date
         NAOU16017 : NJ DATA Dir=C:\SUPER Update by date
         NAOU16017 : OH DATA Dir=C:\SUPER Update by date
         NAOU16017 : QLD DATA Dir=C:\SUPER Update by date
         NAOU16017 : SD DATA Dir=C:\SUPER Update by date
         NAOU16017 : WV DATA Dir=C:\SUPER Update by date
         NAOU16017 : BaseESuperClean
NAOU16017 (Jordan.Kalfen) : Complete - Wed May 10 20:53:12 2017 GMT(ET=1.30 m)
NAOU16017 (Jordan.Kalfen) : Updating - Wed May 10 20:54:46 2017 GMT from \\chisrc1\src and \\chisrc1\data based on C:\Users\Jordan.Kalfen\Work\sldev\util\superupd\superupd.dat
         NAOU16017 : ROUTE, BRIDGE, RM Dir=C:\SUPER
         NAOU16017 : BaseESuper
         NAOU16017 : BaseEpass
         NAOU16017 : MSPORTAL Dir=C:\INETPUB\WWWROOT\MSPORTAL
         NAOU16017 : AL DATA Dir=C:\SUPER Update by date
         NAOU16017 : NE DATA Dir=C:\SUPER Update by date
         NAOU16017 : NJ DATA Dir=C:\SUPER Update by date
         NAOU16017 : OH DATA Dir=C:\SUPER Update by date
         NAOU16017 : QLD DATA Dir=C:\SUPER Update by date
         NAOU16017 : SD DATA Dir=C:\SUPER Update by date
         NAOU16017 : WV DATA Dir=C:\SUPER Update by date
         NAOU16017 : BaseESuperClean
NAOU16017 (Jordan.Kalfen) : Complete - Wed May 10 20:54:50 2017 GMT(ET=0.05 m)
NAOU16017 (Jordan.Kalfen) : Updating - Wed May 10 20:54:53 2017 GMT from \\chisrc1\src and \\chisrc1\data based on C:\Users\Jordan.Kalfen\Work\sldev\util\superupd\superupd.dat
NAOU16017 (Jordan.Kalfen) : Batch Creation ONLY
         NAOU16017 : ROUTE, BRIDGE, RM Dir=C:\SUPER
         NAOU16017 : BaseESuper
         NAOU16017 : BaseEpass
         NAOU16017 : MSPORTAL Dir=C:\INETPUB\WWWROOT\MSPORTAL
         NAOU16017 : AL DATA Dir=C:\SUPER Update by date
         NAOU16017 : NE DATA Dir=C:\SUPER Update by date
         NAOU16017 : NJ DATA Dir=C:\SUPER Update by date
         NAOU16017 : OH DATA Dir=C:\SUPER Update by date
         NAOU16017 : QLD DATA Dir=C:\SUPER Update by date
         NAOU16017 : SD DATA Dir=C:\SUPER Update by date
         NAOU16017 : WV DATA Dir=C:\SUPER Update by date
         NAOU16017 : BaseESuperClean
NAOU16017 (Jordan.Kalfen) : Superupd.bat batch file was created successfully.

File = c:\superupd.bat
NAOU16017 (Jordan.Kalfen) : Updating - Thu May 11 13:11:17 2017 GMT from \\chisrc1\src and \\chisrc1\data based on C:\Users\Jordan.Kalfen\Work\sldev\util\superupd\superupd.dat
         NAOU16017 : ROUTE, BRIDGE, RM Dir=C:\SUPER
NAOU16017 (Jordan.Kalfen) : Complete - Thu May 11 13:11:36 2017 GMT(ET=0.32 m)
NAOU16017 (Jordan.Kalfen) : Updating - Thu May 11 13:13:34 2017 GMT from \\chisrc1\src and \\chisrc1\data based on C:\Users\Jordan.Kalfen\Work\sldev\util\superupd\superupd.dat
NAOU16017 (Jordan.Kalfen) : Batch Creation ONLY
         NAOU16017 : ROUTE, BRIDGE, RM Dir=C:\SUPER
         NAOU16017 : BaseESuper
         NAOU16017 : BaseEpass
         NAOU16017 : MSPORTAL Dir=C:\INETPUB\WWWROOT\MSPORTAL
         NAOU16017 : AL DATA Dir=C:\SUPER Update by date
         NAOU16017 : NE DATA Dir=C:\SUPER Update by date
         NAOU16017 : NJ DATA Dir=C:\SUPER Update by date
         NAOU16017 : OH DATA Dir=C:\SUPER Update by date
         NAOU16017 : QLD DATA Dir=C:\SUPER Update by date
         NAOU16017 : SD DATA Dir=C:\SUPER Update by date
         NAOU16017 : WV DATA Dir=C:\SUPER Update by date
         NAOU16017 : BaseESuperClean
NAOU16017 (Jordan.Kalfen) : Superupd.bat batch file was created successfully.

File = c:\superupd.bat
NAOU16017 (Jordan.Kalfen) : Updating - Thu May 11 13:15:58 2017 GMT from \\chisrc1\src and \\chisrc1\data based on C:\Users\Jordan.Kalfen\Work\sldev\util\superupd\superupd.dat
NAOU16017 (Jordan.Kalfen) : Batch Creation ONLY
         NAOU16017 : ROUTE, BRIDGE, RM Dir=C:\SUPER
         NAOU16017 : BaseESuper
         NAOU16017 : BaseEpass
         NAOU16017 : MSPORTAL Dir=C:\INETPUB\WWWROOT\MSPORTAL
         NAOU16017 : AL DATA Dir=C:\SUPER Update by date
         NAOU16017 : NE DATA Dir=C:\SUPER Update by date
         NAOU16017 : NJ DATA Dir=C:\SUPER Update by date
         NAOU16017 : OH DATA Dir=C:\SUPER Update by date
         NAOU16017 : QLD DATA Dir=C:\SUPER Update by date
         NAOU16017 : SD DATA Dir=C:\SUPER Update by date
         NAOU16017 : WV DATA Dir=C:\SUPER Update by date
         NAOU16017 : BaseESuperClean
NAOU16017 (Jordan.Kalfen) : Superupd.bat batch file was created successfully.

File = c:\superupd.bat
NAOU16017 (Jordan.Kalfen) : Updating - Thu May 11 13:16:37 2017 GMT from \\chisrc1\src and \\chisrc1\data based on C:\Users\Jordan.Kalfen\Work\sldev\util\superupd\superupd.dat
         NAOU16017 : ROUTE, BRIDGE, RM Dir=C:\SUPER
         NAOU16017 : BaseESuper
         NAOU16017 : BaseEpass
         NAOU16017 : MSPORTAL Dir=C:\INETPUB\WWWROOT\MSPORTAL
         NAOU16017 : AL DATA Dir=C:\SUPER Update by date
         NAOU16017 : NE DATA Dir=C:\SUPER Update by date
         NAOU16017 : NJ DATA Dir=C:\SUPER Update by date
         NAOU16017 : OH DATA Dir=C:\SUPER Update by date
         NAOU16017 : QLD DATA Dir=C:\SUPER Update by date
         NAOU16017 : SD DATA Dir=C:\SUPER Update by date
         NAOU16017 : WV DATA Dir=C:\SUPER Update by date
         NAOU16017 : BaseESuperClean
NAOU16017 (Jordan.Kalfen) : Complete - Thu May 11 13:18:24 2017 GMT(ET=1.78 m)
NAOU16017 (Jordan.Kalfen) : Updating - Thu May 11 14:14:53 2017 GMT from \\chisrc1\src and \\chisrc1\data based on C:\Users\Jordan.Kalfen\Work\sldev\util\superupd\superupd.dat
NAOU16017 (Jordan.Kalfen) : Batch Creation ONLY
         NAOU16017 : ROUTE, BRIDGE, RM Dir=C:\SUPER
         NAOU16017 : BaseESuper
         NAOU16017 : BaseEpass
         NAOU16017 : MSPORTAL Dir=C:\INETPUB\WWWROOT\MSPORTAL
         NAOU16017 : AL DATA Dir=C:\SUPER Update by date
         NAOU16017 : NE DATA Dir=C:\SUPER Update by date
         NAOU16017 : NJ DATA Dir=C:\SUPER Update by date
         NAOU16017 : OH DATA Dir=C:\SUPER Update by date
         NAOU16017 : QLD DATA Dir=C:\SUPER Update by date
         NAOU16017 : SD DATA Dir=C:\SUPER Update by date
         NAOU16017 : WV DATA Dir=C:\SUPER Update by date
         NAOU16017 : BaseESuperClean
NAOU16017 (Jordan.Kalfen) : Superupd.bat batch file was created successfully.

File = c:\superupd.bat
NAOU16017 (Jordan.Kalfen) : Updating - Thu May 11 14:46:47 2017 GMT from \\chisrc1\src and \\chisrc1\data based on C:\Users\Jordan.Kalfen\Work\sldev\util\superupd\superupd.dat
         NAOU16017 : ROUTE, BRIDGE, RM Dir=C:\SUPER
         NAOU16017 : BaseESuper
         NAOU16017 : BaseEpass
         NAOU16017 : MSPORTAL Dir=C:\INETPUB\WWWROOT\MSPORTAL
         NAOU16017 : AL DATA Dir=C:\SUPER Update by date
         NAOU16017 : NE DATA Dir=C:\SUPER Update by date
         NAOU16017 : NJ DATA Dir=C:\SUPER Update by date
         NAOU16017 : OH DATA Dir=C:\SUPER Update by date
         NAOU16017 : QLD DATA Dir=C:\SUPER Update by date
         NAOU16017 : SD DATA Dir=C:\SUPER Update by date
         NAOU16017 : WV DATA Dir=C:\SUPER Update by date
         NAOU16017 : BaseESuperClean
NAOU16017 (Jordan.Kalfen) : Complete - Thu May 11 14:46:51 2017 GMT(ET=0.07 m)
NAOU16017 (Jordan.Kalfen) : Updating - Thu May 11 14:47:07 2017 GMT from \\chisrc1\src and \\chisrc1\data based on C:\Users\Jordan.Kalfen\Work\sldev\util\superupd\superupd.dat
         NAOU16017 : ROUTE, BRIDGE, RM Dir=C:\SUPER
         NAOU16017 : BaseESuper
         NAOU16017 : BaseEpass
         NAOU16017 : MSPORTAL Dir=C:\INETPUB\WWWROOT\MSPORTAL
         NAOU16017 : AL DATA Dir=C:\SUPER Update by date
         NAOU16017 : NE DATA Dir=C:\SUPER Update by date
         NAOU16017 : NJ DATA Dir=C:\SUPER Update by date
         NAOU16017 : OH DATA Dir=C:\SUPER Update by date
         NAOU16017 : QLD DATA Dir=C:\SUPER Update by date
         NAOU16017 : SD DATA Dir=C:\SUPER Update by date
         NAOU16017 : WV DATA Dir=C:\SUPER Update by date
         NAOU16017 : BaseESuperClean
NAOU16017 (Jordan.Kalfen) : Complete - Thu May 11 14:47:33 2017 GMT(ET=0.43 m)
NAOU16017 (Jordan.Kalfen) : Updating - Thu May 11 14:47:47 2017 GMT from \\chisrc1\src and \\chisrc1\data based on C:\Users\Jordan.Kalfen\Work\sldev\util\superupd\superupd.dat
NAOU16017 (Jordan.Kalfen) : Batch Creation ONLY
         NAOU16017 : ROUTE, BRIDGE, RM Dir=C:\SUPER
         NAOU16017 : BaseESuper
         NAOU16017 : BaseEpass
         NAOU16017 : MSPORTAL Dir=C:\INETPUB\WWWROOT\MSPORTAL
         NAOU16017 : AL DATA Dir=C:\SUPER Update by date
         NAOU16017 : NE DATA Dir=C:\SUPER Update by date
         NAOU16017 : NJ DATA Dir=C:\SUPER Update by date
         NAOU16017 : OH DATA Dir=C:\SUPER Update by date
         NAOU16017 : QLD DATA Dir=C:\SUPER Update by date
         NAOU16017 : SD DATA Dir=C:\SUPER Update by date
         NAOU16017 : WV DATA Dir=C:\SUPER Update by date
         NAOU16017 : BaseESuperClean
NAOU16017 (Jordan.Kalfen) : Superupd.bat batch file was created successfully.

File = c:\superupd.bat
NAOU16017 (Jordan.Kalfen) : Updating - Thu May 11 15:01:57 2017 GMT from \\chisrc1\src and \\chisrc1\data based on C:\Users\Jordan.Kalfen\Work\sldev\util\superupd\superupd.dat
         NAOU16017 : ROUTE, BRIDGE, RM Dir=C:\SUPER
         NAOU16017 : BaseESuper
         NAOU16017 : BaseEpass
         NAOU16017 : MSPORTAL Dir=C:\INETPUB\WWWROOT\MSPORTAL
         NAOU16017 : AL DATA Dir=C:\SUPER Update by date
         NAOU16017 : NE DATA Dir=C:\SUPER Update by date
         NAOU16017 : NJ DATA Dir=C:\SUPER Update by date
         NAOU16017 : OH DATA Dir=C:\SUPER Update by date
         NAOU16017 : QLD DATA Dir=C:\SUPER Update by date
         NAOU16017 : SD DATA Dir=C:\SUPER Update by date
         NAOU16017 : WV DATA Dir=C:\SUPER Update by date
         NAOU16017 : BaseESuperClean
NAOU16017 (Jordan.Kalfen) : Complete - Thu May 11 15:01:59 2017 GMT(ET=0.02 m)
NAOU16017 (Jordan.Kalfen) : Updating - Thu May 11 15:25:41 2017 GMT from \\chisrc1\src and \\chisrc1\data based on C:\Users\Jordan.Kalfen\Work\sldev\util\superupd\superupd.dat
NAOU16017 (Jordan.Kalfen) : Batch Creation ONLY
         NAOU16017 : ROUTE, BRIDGE, RM Dir=C:\SUPER
         NAOU16017 : BaseESuper
         NAOU16017 : BaseEpass
         NAOU16017 : MSPORTAL Dir=C:\INETPUB\WWWROOT\MSPORTAL
         NAOU16017 : AL DATA Dir=C:\SUPER Update by date
         NAOU16017 : NE DATA Dir=C:\SUPER Update by date
         NAOU16017 : NJ DATA Dir=C:\SUPER Update by date
         NAOU16017 : OH DATA Dir=C:\SUPER Update by date
         NAOU16017 : QLD DATA Dir=C:\SUPER Update by date
         NAOU16017 : SD DATA Dir=C:\SUPER Update by date
         NAOU16017 : WV DATA Dir=C:\SUPER Update by date
         NAOU16017 : BaseESuperClean
NAOU16017 (Jordan.Kalfen) : Superupd.bat batch file was created successfully.

File = c:\superupd.bat
NAOU16017 (Jordan.Kalfen) : Updating - Thu May 11 15:27:49 2017 GMT from \\chisrc1\src and \\chisrc1\data based on C:\Users\Jordan.Kalfen\Work\sldev\util\superupd\superupd.dat
         NAOU16017 : ROUTE, BRIDGE, RM Dir=C:\SUPER
         NAOU16017 : BaseESuper
         NAOU16017 : BaseEpass
         NAOU16017 : MSPORTAL Dir=C:\INETPUB\WWWROOT\MSPORTAL
         NAOU16017 : AL DATA Dir=C:\SUPER Update by date
         NAOU16017 : NE DATA Dir=C:\SUPER Update by date
         NAOU16017 : NJ DATA Dir=C:\SUPER Update by date
         NAOU16017 : OH DATA Dir=C:\SUPER Update by date
         NAOU16017 : QLD DATA Dir=C:\SUPER Update by date
         NAOU16017 : SD DATA Dir=C:\SUPER Update by date
         NAOU16017 : WV DATA Dir=C:\SUPER Update by date
         NAOU16017 : BaseESuperClean
NAOU16017 (Jordan.Kalfen) : Complete - Thu May 11 15:27:51 2017 GMT(ET=0.03 m)
NAOU16017 (Jordan.Kalfen) : Updating - Thu May 11 15:53:06 2017 GMT from \\chisrc1\src and \\chisrc1\data based on C:\Users\Jordan.Kalfen\Work\sldev\util\superupd\superupd.dat
         NAOU16017 : ROUTE, BRIDGE, RM Dir=C:\SUPER
         NAOU16017 : BaseESuper
         NAOU16017 : BaseEpass
         NAOU16017 : MSPORTAL Dir=C:\INETPUB\WWWROOT\MSPORTAL
         NAOU16017 : AL DATA Dir=C:\SUPER Update by date
         NAOU16017 : NE DATA Dir=C:\SUPER Update by date
         NAOU16017 : NJ DATA Dir=C:\SUPER Update by date
         NAOU16017 : OH DATA Dir=C:\SUPER Update by date
         NAOU16017 : QLD DATA Dir=C:\SUPER Update by date
         NAOU16017 : SD DATA Dir=C:\SUPER Update by date
         NAOU16017 : WV DATA Dir=C:\SUPER Update by date
         NAOU16017 : BaseESuperClean
NAOU16017 (Jordan.Kalfen) : Complete - Thu May 11 15:53:08 2017 GMT(ET=0.03 m)
NAOU16017 (Jordan.Kalfen) : Updating - Thu May 11 15:55:39 2017 GMT from \\chisrc1\src and \\chisrc1\data based on C:\Users\Jordan.Kalfen\Work\sldev\util\superupd\superupd.dat
         NAOU16017 : ROUTE, BRIDGE, RM Dir=C:\SUPER
         NAOU16017 : BaseESuper
         NAOU16017 : BaseEpass
         NAOU16017 : MSPORTAL Dir=C:\INETPUB\WWWROOT\MSPORTAL
         NAOU16017 : AL DATA Dir=C:\SUPER Update by date
         NAOU16017 : NE DATA Dir=C:\SUPER Update by date
         NAOU16017 : NJ DATA Dir=C:\SUPER Update by date
         NAOU16017 : OH DATA Dir=C:\SUPER Update by date
         NAOU16017 : QLD DATA Dir=C:\SUPER Update by date
         NAOU16017 : SD DATA Dir=C:\SUPER Update by date
         NAOU16017 : WV DATA Dir=C:\SUPER Update by date
         NAOU16017 : BaseESuperClean
NAOU16017 (Jordan.Kalfen) : Complete - Thu May 11 15:55:44 2017 GMT(ET=0.08 m)
NAOU16017 (Jordan.Kalfen) : Updating - Thu May 11 15:55:48 2017 GMT from \\chisrc1\src and \\chisrc1\data based on C:\Users\Jordan.Kalfen\Work\sldev\util\superupd\superupd.dat
NAOU16017 (Jordan.Kalfen) : Batch Creation ONLY
         NAOU16017 : ROUTE, BRIDGE, RM Dir=C:\SUPER
         NAOU16017 : BaseESuper
         NAOU16017 : BaseEpass
         NAOU16017 : MSPORTAL Dir=C:\INETPUB\WWWROOT\MSPORTAL
         NAOU16017 : AL DATA Dir=C:\SUPER Update by date
         NAOU16017 : NE DATA Dir=C:\SUPER Update by date
         NAOU16017 : NJ DATA Dir=C:\SUPER Update by date
         NAOU16017 : OH DATA Dir=C:\SUPER Update by date
         NAOU16017 : QLD DATA Dir=C:\SUPER Update by date
         NAOU16017 : SD DATA Dir=C:\SUPER Update by date
         NAOU16017 : WV DATA Dir=C:\SUPER Update by date
         NAOU16017 : BaseESuperClean
NAOU16017 (Jordan.Kalfen) : Superupd.bat batch file was created successfully.

File = c:\superupd.bat
NAOU16017 (Jordan.Kalfen) : Updating - Thu May 11 16:07:00 2017 GMT from \\chisrc1\src and \\chisrc1\data based on C:\Users\Jordan.Kalfen\Work\sldev\util\superupd\superupd.dat
         NAOU16017 : ROUTE, BRIDGE, RM Dir=C:\SUPER
         NAOU16017 : BaseESuper
         NAOU16017 : BaseEpass
         NAOU16017 : MSPORTAL Dir=C:\INETPUB\WWWROOT\MSPORTAL
         NAOU16017 : AL DATA Dir=C:\SUPER Update by date
         NAOU16017 : NE DATA Dir=C:\SUPER Update by date
         NAOU16017 : NJ DATA Dir=C:\SUPER Update by date
         NAOU16017 : OH DATA Dir=C:\SUPER Update by date
         NAOU16017 : QLD DATA Dir=C:\SUPER Update by date
         NAOU16017 : SD DATA Dir=C:\SUPER Update by date
         NAOU16017 : WV DATA Dir=C:\SUPER Update by date
         NAOU16017 : BaseESuperClean
NAOU16017 (Jordan.Kalfen) : Complete - Thu May 11 16:07:08 2017 GMT(ET=0.13 m)
NAOU16017 (Jordan.Kalfen) : Updating - Thu May 11 16:07:11 2017 GMT from \\chisrc1\src and \\chisrc1\data based on C:\Users\Jordan.Kalfen\Work\sldev\util\superupd\superupd.dat
NAOU16017 (Jordan.Kalfen) : Batch Creation ONLY
         NAOU16017 : ROUTE, BRIDGE, RM Dir=C:\SUPER
         NAOU16017 : BaseESuper
         NAOU16017 : BaseEpass
         NAOU16017 : MSPORTAL Dir=C:\INETPUB\WWWROOT\MSPORTAL
         NAOU16017 : AL DATA Dir=C:\SUPER Update by date
         NAOU16017 : NE DATA Dir=C:\SUPER Update by date
         NAOU16017 : NJ DATA Dir=C:\SUPER Update by date
         NAOU16017 : OH DATA Dir=C:\SUPER Update by date
         NAOU16017 : QLD DATA Dir=C:\SUPER Update by date
         NAOU16017 : SD DATA Dir=C:\SUPER Update by date
         NAOU16017 : WV DATA Dir=C:\SUPER Update by date
         NAOU16017 : BaseESuperClean
NAOU16017 (Jordan.Kalfen) : Superupd.bat batch file was created successfully.

File = c:\superupd.bat
NAOU16017 (Jordan.Kalfen) : Updating - Thu May 11 16:10:51 2017 GMT from \\chisrc1\src and \\chisrc1\data based on C:\Users\Jordan.Kalfen\Work\sldev\util\superupd\superupd.dat
         NAOU16017 : ROUTE, BRIDGE, RM Dir=C:\SUPER
         NAOU16017 : BaseESuper
         NAOU16017 : BaseEpass
         NAOU16017 : MSPORTAL Dir=C:\INETPUB\WWWROOT\MSPORTAL
         NAOU16017 : AL DATA Dir=C:\SUPER Update by date
         NAOU16017 : NE DATA Dir=C:\SUPER Update by date
         NAOU16017 : NJ DATA Dir=C:\SUPER Update by date
         NAOU16017 : OH DATA Dir=C:\SUPER Update by date
         NAOU16017 : QLD DATA Dir=C:\SUPER Update by date
         NAOU16017 : SD DATA Dir=C:\SUPER Update by date
         NAOU16017 : WV DATA Dir=C:\SUPER Update by date
         NAOU16017 : BaseESuperClean
NAOU16017 (Jordan.Kalfen) : Complete - Thu May 11 16:10:54 2017 GMT(ET=0.05 m)
NAOU16017 (Jordan.Kalfen) : Updating - Thu May 11 16:19:16 2017 GMT from \\chisrc1\src and \\chisrc1\data based on C:\Users\Jordan.Kalfen\Work\sldev\util\superupd\superupd.dat
         NAOU16017 : ROUTE, BRIDGE, RM Dir=C:\SUPER
         NAOU16017 : BaseESuper
         NAOU16017 : BaseEpass
         NAOU16017 : MSPORTAL Dir=C:\INETPUB\WWWROOT\MSPORTAL
         NAOU16017 : AL DATA Dir=C:\SUPER Update by date
         NAOU16017 : NE DATA Dir=C:\SUPER Update by date
         NAOU16017 : NJ DATA Dir=C:\SUPER Update by date
         NAOU16017 : OH DATA Dir=C:\SUPER Update by date
         NAOU16017 : QLD DATA Dir=C:\SUPER Update by date
         NAOU16017 : SD DATA Dir=C:\SUPER Update by date
         NAOU16017 : WV DATA Dir=C:\SUPER Update by date
         NAOU16017 : BaseESuperClean
NAOU16017 (Jordan.Kalfen) : Complete - Thu May 11 16:19:18 2017 GMT(ET=0.02 m)
NAOU16017 (Jordan.Kalfen) : Updating - Thu May 11 16:49:15 2017 GMT from \\chisrc1\src and \\chisrc1\data based on C:\Users\Jordan.Kalfen\Work\sldev\util\superupd\superupd.dat
         NAOU16017 : ROUTE, BRIDGE, RM Dir=C:\SUPER
         NAOU16017 : BaseESuper
         NAOU16017 : BaseEpass
         NAOU16017 : MSPORTAL Dir=C:\INETPUB\WWWROOT\MSPORTAL
         NAOU16017 : AL DATA Dir=C:\SUPER Update by date
         NAOU16017 : NE DATA Dir=C:\SUPER Update by date
         NAOU16017 : NJ DATA Dir=C:\SUPER Update by date
         NAOU16017 : OH DATA Dir=C:\SUPER Update by date
         NAOU16017 : QLD DATA Dir=C:\SUPER Update by date
         NAOU16017 : SD DATA Dir=C:\SUPER Update by date
         NAOU16017 : WV DATA Dir=C:\SUPER Update by date
         NAOU16017 : BaseESuperClean
NAOU16017 (Jordan.Kalfen) : Complete - Thu May 11 16:49:17 2017 GMT(ET=0.03 m)
NAOU16017 (Jordan.Kalfen) : Updating - Thu May 11 16:49:19 2017 GMT from \\chisrc1\src and \\chisrc1\data based on C:\Users\Jordan.Kalfen\Work\sldev\util\superupd\superupd.dat
         NAOU16017 : ROUTE, BRIDGE, RM Dir=C:\SUPER
         NAOU16017 : BaseESuper
         NAOU16017 : BaseEpass
         NAOU16017 : MSPORTAL Dir=C:\INETPUB\WWWROOT\MSPORTAL
         NAOU16017 : AL DATA Dir=C:\SUPER Update by date
         NAOU16017 : NE DATA Dir=C:\SUPER Update by date
         NAOU16017 : NJ DATA Dir=C:\SUPER Update by date
         NAOU16017 : OH DATA Dir=C:\SUPER Update by date
         NAOU16017 : QLD DATA Dir=C:\SUPER Update by date
         NAOU16017 : SD DATA Dir=C:\SUPER Update by date
         NAOU16017 : WV DATA Dir=C:\SUPER Update by date
         NAOU16017 : BaseESuperClean
NAOU16017 (Jordan.Kalfen) : Complete - Thu May 11 16:49:21 2017 GMT(ET=0.03 m)
NAOU16017 (Jordan.Kalfen) : Updating - Thu May 11 17:00:08 2017 GMT from \\chisrc1\src and \\chisrc1\data based on C:\Users\Jordan.Kalfen\Work\sldev\util\superupd\superupd.dat
         NAOU16017 : ROUTE, BRIDGE, RM Dir=C:\SUPER
         NAOU16017 : BaseESuper
         NAOU16017 : BaseEpass
         NAOU16017 : MSPORTAL Dir=C:\INETPUB\WWWROOT\MSPORTAL
         NAOU16017 : AL DATA Dir=C:\SUPER Update by date
         NAOU16017 : NE DATA Dir=C:\SUPER Update by date
         NAOU16017 : NJ DATA Dir=C:\SUPER Update by date
         NAOU16017 : OH DATA Dir=C:\SUPER Update by date
         NAOU16017 : QLD DATA Dir=C:\SUPER Update by date
         NAOU16017 : SD DATA Dir=C:\SUPER Update by date
         NAOU16017 : WV DATA Dir=C:\SUPER Update by date
         NAOU16017 : BaseESuperClean
NAOU16017 (Jordan.Kalfen) : Complete - Thu May 11 17:00:09 2017 GMT(ET=0.02 m)
NAOU16017 (Jordan.Kalfen) : Updating - Fri May 12 15:43:32 2017 GMT from \\chisrc1\src and \\chisrc1\data based on C:\Users\Jordan.Kalfen\Work\sldev\util\superupd\superupd.dat
NAOU16017 (Jordan.Kalfen) : Batch Creation ONLY
         NAOU16017 : ROUTE, BRIDGE, RM Dir=C:\SUPER
         NAOU16017 : BaseESuper
         NAOU16017 : BaseEpass
         NAOU16017 : MD-ePASS Dir=C:\INETPUB\WWWROOT\MDPASS
         NAOU16017 : BaseERM Dir=C:\INETPUB\WWWROOT\MDPASS
         NAOU16017 : MD-eRM Dir=C:\INETPUB\WWWROOT\MDRSTMGR
         NAOU16017 : MD DATA Dir=C:\SUPER Update by date
         NAOU16017 : BaseESuperClean
NAOU16017 (Jordan.Kalfen) : Superupd.bat batch file was created successfully.

File = c:\superupd.bat
NAOU16017 (Jordan.Kalfen) : Updating - Fri May 12 15:58:08 2017 GMT from \\chisrc1\src and \\chisrc1\data based on C:\Users\Jordan.Kalfen\Work\sldev\util\superupd\superupd.dat
NAOU16017 (Jordan.Kalfen) : Batch Creation ONLY
         NAOU16017 : ROUTE, BRIDGE, RM Dir=C:\SUPER
         NAOU16017 : BaseESuper
         NAOU16017 : BaseEpass
         NAOU16017 : MD-ePASS Dir=C:\INETPUB\WWWROOT\MDPASS
         NAOU16017 : BaseERM Dir=C:\INETPUB\WWWROOT\MDPASS
         NAOU16017 : MD-eRM Dir=C:\INETPUB\WWWROOT\MDRSTMGR
         NAOU16017 : MD DATA Dir=C:\SUPER Update by date
         NAOU16017 : BaseESuperClean
NAOU16017 (Jordan.Kalfen) : Superupd.bat batch file was created successfully.

File = c:\superupd.bat
NAOU16017 (Jordan.Kalfen) : Updating - Fri May 12 20:34:54 2017 GMT from \\chisrc1\src and \\chisrc1\data based on C:\Users\Jordan.Kalfen\Work\sldev\util\superupd\superupd.dat
         NAOU16017 : ROUTE, BRIDGE, RM Dir=C:\SUPER
         NAOU16017 : BaseESuper
         NAOU16017 : BaseEpass
         NAOU16017 : MD-ePASS Dir=C:\INETPUB\WWWROOT\MDPASS
         NAOU16017 : MD DATA Dir=C:\SUPER Update by date
         NAOU16017 : BaseESuperClean
NAOU16017 (Jordan.Kalfen) : Complete - Fri May 12 20:41:11 2017 GMT(ET=6.28 m)
NAOU16017 (Jordan.Kalfen) : Updating - Tue May 16 14:42:32 2017 GMT from \\chisrc1\src and \\chisrc1\data based on C:\Users\Jordan.Kalfen\Work\sldev\util\superupd\superupd.dat
NAOU16017 (Jordan.Kalfen) : Batch Creation ONLY
         NAOU16017 : ROUTE, BRIDGE, RM Dir=C:\SUPER
         NAOU16017 : BaseESuper
         NAOU16017 : BaseEpass
         NAOU16017 : MO-ePASS Dir=C:\INETPUB\WWWROOT\MOPASS
         NAOU16017 : MO DATA Dir=C:\SUPER Update by date
         NAOU16017 : BaseESuperClean
NAOU16017 (Jordan.Kalfen) : Superupd.bat batch file was created successfully.

File = c:\superupd.bat
NAOU16017 (Jordan.Kalfen) : Updating - Tue May 16 16:08:32 2017 GMT from \\chisrc1\src and \\chisrc1\data based on C:\Users\Jordan.Kalfen\Work\sldev\util\superupd\superupd.dat
NAOU16017 (Jordan.Kalfen) : Batch Creation ONLY
         NAOU16017 : ROUTE, BRIDGE, RM Dir=C:\SUPER
         NAOU16017 : BaseESuper
         NAOU16017 : BaseEpass
         NAOU16017 : MO-ePASS Dir=C:\INETPUB\WWWROOT\MOPASS
         NAOU16017 : MO DATA Dir=C:\SUPER Update by date
         NAOU16017 : BaseESuperClean
NAOU16017 (Jordan.Kalfen) : Superupd.bat batch file was created successfully.

File = c:\superupd.bat
NAOU16017 (Jordan.Kalfen) : Updating - Tue May 16 16:10:24 2017 GMT from \\chisrc1\src and \\chisrc1\data based on C:\Users\Jordan.Kalfen\Work\sldev\util\superupd\superupd.dat
NAOU16017 (Jordan.Kalfen) : Batch Creation ONLY
         NAOU16017 : ROUTE, BRIDGE, RM Dir=C:\SUPER
         NAOU16017 : BaseESuper
         NAOU16017 : BaseEpass
         NAOU16017 : MD-ePASS Dir=C:\INETPUB\WWWROOT\MDPASS
         NAOU16017 : MO-ePASS Dir=C:\INETPUB\WWWROOT\MOPASS
         NAOU16017 : BaseERM Dir=C:\INETPUB\WWWROOT\MOPASS
         NAOU16017 : MD-eRM Dir=C:\INETPUB\WWWROOT\MDRSTMGR
         NAOU16017 : MD DATA Dir=C:\SUPER Update by date
         NAOU16017 : MO DATA Dir=C:\SUPER Update by date
         NAOU16017 : BaseESuperClean
NAOU16017 (Jordan.Kalfen) : Superupd.bat batch file was created successfully.

File = c:\superupd.bat
NAOU16017 (Jordan.Kalfen) : Updating - Tue May 16 16:44:11 2017 GMT from \\chisrc1\src and \\chisrc1\data based on C:\Users\Jordan.Kalfen\Work\sldev\util\superupd\superupd.dat
NAOU16017 (Jordan.Kalfen) : Batch Creation ONLY
         NAOU16017 : ROUTE, BRIDGE, RM Dir=C:\SUPER
         NAOU16017 : BaseESuper
         NAOU16017 : BaseEpass
         NAOU16017 : MO-ePASS Dir=C:\INETPUB\WWWROOT\MOPASS
         NAOU16017 : MO DATA Dir=C:\SUPER Update by date
         NAOU16017 : BaseESuperClean
NAOU16017 (Jordan.Kalfen) : Superupd.bat batch file was created successfully.

File = c:\superupd.bat
NAOU16017 (Jordan.Kalfen) : Updating - Tue May 16 17:07:34 2017 GMT from \\chisrc1\src and \\chisrc1\data based on C:\Users\Jordan.Kalfen\Work\sldev\util\superupd\superupd.dat
NAOU16017 (Jordan.Kalfen) : Batch Creation ONLY
         NAOU16017 : ROUTE, BRIDGE, RM Dir=C:\SUPER
         NAOU16017 : BaseESuper
         NAOU16017 : BaseEpass
         NAOU16017 : MO-ePASS Dir=C:\INETPUB\WWWROOT\MOPASS
         NAOU16017 : MO DATA Dir=C:\SUPER Update by date
         NAOU16017 : BaseESuperClean
NAOU16017 (Jordan.Kalfen) : Superupd.bat batch file was created successfully.

File = c:\superupd.bat
NAOU16017 (Jordan.Kalfen) : Updating - Tue May 16 17:10:00 2017 GMT from \\chisrc1\src and \\chisrc1\data based on C:\Users\Jordan.Kalfen\Work\sldev\util\superupd\superupd.dat
         NAOU16017 : ROUTE, BRIDGE, RM Dir=C:\SUPER
         NAOU16017 : BaseESuper
         NAOU16017 : BaseEpass
         NAOU16017 : MO-ePASS Dir=C:\INETPUB\WWWROOT\MOPASS
         NAOU16017 : MO DATA Dir=C:\SUPER Update by date
         NAOU16017 : BaseESuperClean
NAOU16017 (Jordan.Kalfen) : Complete - Tue May 16 17:12:21 2017 GMT(ET=2.35 m)
NAOU16017 (Jordan.Kalfen) : Updating - Tue May 16 20:08:29 2017 GMT from \\chisrc1\src and \\chisrc1\data based on C:\Users\Jordan.Kalfen\Work\sldev\util\superupd\superupd.dat
         NAOU16017 : ROUTE, BRIDGE, RM Dir=C:\SUPER
         NAOU16017 : BaseESuper
         NAOU16017 : BaseEpass
         NAOU16017 : MO-ePASS Dir=C:\INETPUB\WWWROOT\MOPASS
         NAOU16017 : MO DATA Dir=C:\SUPER Update by date
         NAOU16017 : BaseESuperClean
NAOU16017 (Jordan.Kalfen) : Complete - Tue May 16 20:08:31 2017 GMT(ET=0.03 m)
NAOU16017 (Jordan.Kalfen) : Updating - Tue May 16 20:08:33 2017 GMT from \\chisrc1\src and \\chisrc1\data based on C:\Users\Jordan.Kalfen\Work\sldev\util\superupd\superupd.dat
NAOU16017 (Jordan.Kalfen) : Batch Creation ONLY
         NAOU16017 : ROUTE, BRIDGE, RM Dir=C:\SUPER
         NAOU16017 : BaseESuper
         NAOU16017 : BaseEpass
         NAOU16017 : MO-ePASS Dir=C:\INETPUB\WWWROOT\MOPASS
         NAOU16017 : MO DATA Dir=C:\SUPER Update by date
         NAOU16017 : BaseESuperClean
NAOU16017 (Jordan.Kalfen) : Superupd.bat batch file was created successfully.

File = c:\superupd.bat
NAOU16017 (Jordan.Kalfen) : Updating - Tue May 16 21:11:43 2017 GMT from \\chisrc1\src and \\chisrc1\data based on C:\Users\Jordan.Kalfen\Work\sldev\util\superupd\superupd.dat
NAOU16017 (Jordan.Kalfen) : Batch Creation ONLY
         NAOU16017 : ROUTE, BRIDGE, RM Dir=C:\SUPER
         NAOU16017 : BaseESuper
         NAOU16017 : BaseEpass
         NAOU16017 : MO-ePASS Dir=C:\INETPUB\WWWROOT\MOPASS
         NAOU16017 : MO DATA Dir=C:\SUPER Update by date
         NAOU16017 : BaseESuperClean
NAOU16017 (Jordan.Kalfen) : Superupd.bat batch file was created successfully.

File = c:\superupd.bat
NAOU16017 (Jordan.Kalfen) : Updating - Tue May 16 21:13:56 2017 GMT from \\chisrc1\src and \\chisrc1\data based on C:\Users\Jordan.Kalfen\Work\sldev\util\superupd\superupd.dat
NAOU16017 (Jordan.Kalfen) : Batch Creation ONLY
         NAOU16017 : ROUTE, BRIDGE, RM Dir=C:\SUPER
         NAOU16017 : BaseESuper
         NAOU16017 : BaseEpass
         NAOU16017 : MO-ePASS Dir=C:\INETPUB\WWWROOT\MOPASS
         NAOU16017 : MO DATA Dir=C:\SUPER Update by date
         NAOU16017 : BaseESuperClean
NAOU16017 (Jordan.Kalfen) : Superupd.bat batch file was created successfully.

File = c:\superupd.bat
NAOU16017 (Jordan.Kalfen) : Updating - Wed May 17 14:29:55 2017 GMT from \\chisrc1\src and \\chisrc1\data based on C:\Users\Jordan.Kalfen\Work\sldev\util\superupd\superupd.dat
NAOU16017 (Jordan.Kalfen) : Batch Creation ONLY
         NAOU16017 : ROUTE, BRIDGE, RM Dir=C:\SUPER
         NAOU16017 : MAINTENANCE MANAGER Dir=C:\SUPER
         NAOU16017 : BaseESuper
         NAOU16017 : BaseEpass
         NAOU16017 : MO-ePASS Dir=C:\Web\MOPASS
         NAOU16017 : MO DATA Dir=C:\SUPER Update by date
         NAOU16017 : BaseESuperClean
NAOU16017 (Jordan.Kalfen) : Superupd.bat batch file was created successfully.

File = c:\superupd.bat
NAOU16017 (Jordan.Kalfen) : Updating - Wed May 17 15:02:49 2017 GMT from \\chisrc1\src and \\chisrc1\data based on C:\Users\Jordan.Kalfen\Work\sldev\util\superupd\superupd.dat
         NAOU16017 : ROUTE, BRIDGE, RM Dir=C:\SUPER
         NAOU16017 : BaseESuper
         NAOU16017 : BaseEpass
         NAOU16017 : MO-ePASS Dir=C:\Web\MOPASS
         NAOU16017 : MO DATA Dir=C:\SUPER Update by date
         NAOU16017 : BaseESuperClean
NAOU16017 (Jordan.Kalfen) : Complete - Wed May 17 15:02:51 2017 GMT(ET=0.03 m)
NAOU16017 (Jordan.Kalfen) : Updating - Wed May 17 15:02:53 2017 GMT from \\chisrc1\src and \\chisrc1\data based on C:\Users\Jordan.Kalfen\Work\sldev\util\superupd\superupd.dat
NAOU16017 (Jordan.Kalfen) : Batch Creation ONLY
         NAOU16017 : ROUTE, BRIDGE, RM Dir=C:\SUPER
         NAOU16017 : BaseESuper
         NAOU16017 : BaseEpass
         NAOU16017 : MO-ePASS Dir=C:\Web\MOPASS
         NAOU16017 : MO DATA Dir=C:\SUPER Update by date
         NAOU16017 : BaseESuperClean
NAOU16017 (Jordan.Kalfen) : Superupd.bat batch file was created successfully.

File = c:\superupd.bat
NAOU16017 (Jordan.Kalfen) : Updating - Wed May 17 15:04:10 2017 GMT from \\chisrc1\src and \\chisrc1\data based on C:\Users\Jordan.Kalfen\Work\sldev\util\superupd\superupd.dat
NAOU16017 (Jordan.Kalfen) : Batch Creation ONLY
         NAOU16017 : ROUTE, BRIDGE, RM Dir=C:\SUPER
         NAOU16017 : BaseESuper
         NAOU16017 : BaseEpass
         NAOU16017 : MO-ePASS Dir=C:\Web\MOPASS
         NAOU16017 : MO DATA Dir=C:\SUPER Update by date
         NAOU16017 : BaseESuperClean
NAOU16017 (Jordan.Kalfen) : Superupd.bat batch file was created successfully.

File = c:\superupd.bat
NAOU16017 (Jordan.Kalfen) : Updating - Wed May 17 15:14:54 2017 GMT from \\chisrc1\src and \\chisrc1\data based on C:\Users\Jordan.Kalfen\Work\sldev\util\superupd\superupd.dat
NAOU16017 (Jordan.Kalfen) : Batch Creation ONLY
         NAOU16017 : ROUTE, BRIDGE, RM Dir=C:\SUPER
         NAOU16017 : BaseESuper
         NAOU16017 : BaseEpass
         NAOU16017 : MO-ePASS Dir=C:\Web\MOPASS
         NAOU16017 : MO DATA Dir=C:\SUPER Update by date
         NAOU16017 : BaseESuperClean
NAOU16017 (Jordan.Kalfen) : Superupd.bat batch file was created successfully.

File = c:\superupd.bat
NAOU16017 (Jordan.Kalfen) : Updating - Wed May 17 15:17:07 2017 GMT from \\chisrc1\src and \\chisrc1\data based on C:\Users\Jordan.Kalfen\Work\sldev\util\superupd\superupd.dat
NAOU16017 (Jordan.Kalfen) : Batch Creation ONLY
         NAOU16017 : ROUTE, BRIDGE, RM Dir=C:\SUPER
         NAOU16017 : BaseESuper
         NAOU16017 : BaseEpass
         NAOU16017 : MO-ePASS Dir=C:\Web\MOPASS
         NAOU16017 : MO DATA Dir=C:\SUPER Update by date
         NAOU16017 : BaseESuperClean
NAOU16017 (Jordan.Kalfen) : Superupd.bat batch file was created successfully.

File = c:\superupd.bat
NAOU16017 (Jordan.Kalfen) : Updating - Wed May 17 15:25:15 2017 GMT from \\chisrc1\src and \\chisrc1\data based on C:\Users\Jordan.Kalfen\Work\sldev\util\superupd\superupd.dat
NAOU16017 (Jordan.Kalfen) : Batch Creation ONLY
         NAOU16017 : ROUTE, BRIDGE, RM Dir=C:\SUPER
         NAOU16017 : BaseESuper
         NAOU16017 : BaseEpass
         NAOU16017 : MO-ePASS Dir=C:\Web\MOPASS
         NAOU16017 : MO DATA Dir=C:\SUPER Update by date
         NAOU16017 : BaseESuperClean
NAOU16017 (Jordan.Kalfen) : Superupd.bat batch file was created successfully.

File = c:\superupd.bat
NAOU16017 (Jordan.Kalfen) : Updating - Wed May 17 15:26:11 2017 GMT from \\chisrc1\src and \\chisrc1\data based on C:\Users\Jordan.Kalfen\Work\sldev\util\superupd\superupd.dat
NAOU16017 (Jordan.Kalfen) : Batch Creation ONLY
         NAOU16017 : ROUTE, BRIDGE, RM Dir=C:\SUPER
         NAOU16017 : BaseESuper
         NAOU16017 : BaseEpass
         NAOU16017 : MO-ePASS Dir=C:\Web\MOPASS
         NAOU16017 : MO DATA Dir=C:\SUPER Update by date
         NAOU16017 : BaseESuperClean
NAOU16017 (Jordan.Kalfen) : Superupd.bat batch file was created successfully.

File = c:\superupd.bat
NAOU16017 (Jordan.Kalfen) : Updating - Wed May 17 18:44:51 2017 GMT from \\chisrc1\src and \\chisrc1\data based on C:\Users\Jordan.Kalfen\Work\sldev\util\superupd\superupd.dat
NAOU16017 (Jordan.Kalfen) : Batch Creation ONLY
         NAOU16017 : ROUTE, BRIDGE, RM Dir=C:\SUPER
         NAOU16017 : BaseESuper
         NAOU16017 : BaseEpass
         NAOU16017 : MO-ePASS Dir=C:\Web\MOPERMITS
         NAOU16017 : MO DATA Dir=C:\SUPER Update by date
         NAOU16017 : BaseESuperClean
NAOU16017 (Jordan.Kalfen) : Superupd.bat batch file was created successfully.

File = c:\superupd.bat
NAOU16017 (Jordan.Kalfen) : Updating - Wed May 17 19:16:20 2017 GMT from \\chisrc1\src and \\chisrc1\data based on C:\Users\Jordan.Kalfen\Work\sldev\util\superupd\superupd.dat
NAOU16017 (Jordan.Kalfen) : Batch Creation ONLY
         NAOU16017 : ROUTE, BRIDGE, RM Dir=C:\SUPER
         NAOU16017 : BaseESuper
         NAOU16017 : BaseEpass
         NAOU16017 : MO-ePASS Dir=C:\Web\MOPASS
         NAOU16017 : MO DATA Dir=C:\SUPER Update by date
         NAOU16017 : BaseESuperClean
NAOU16017 (Jordan.Kalfen) : Superupd.bat batch file was created successfully.

File = c:\superupd.bat
NAOU16017 (Jordan.Kalfen) : Updating - Wed May 17 19:25:42 2017 GMT from \\chisrc1\src and \\chisrc1\data based on C:\Users\Jordan.Kalfen\Work\sldev\util\superupd\superupd.dat
NAOU16017 (Jordan.Kalfen) : Batch Creation ONLY
         NAOU16017 : ROUTE, BRIDGE, RM Dir=C:\SUPER
         NAOU16017 : BaseESuper
         NAOU16017 : BaseEpass
         NAOU16017 : MO-ePASS Dir=C:\Web\MOPERMITS
         NAOU16017 : MO DATA Dir=C:\SUPER Update by date
         NAOU16017 : BaseESuperClean
NAOU16017 (Jordan.Kalfen) : Superupd.bat batch file was created successfully.

File = c:\superupd.bat
NAOU16017 (Jordan.Kalfen) : Updating - Thu May 18 14:28:42 2017 GMT from \\chisrc1\src and \\chisrc1\data based on C:\Users\Jordan.Kalfen\Work\sldev\util\superupd\superupd.dat
NAOU16017 (Jordan.Kalfen) : Batch Creation ONLY
         NAOU16017 : ROUTE, BRIDGE, RM Dir=C:\SUPER
         NAOU16017 : BaseESuper
         NAOU16017 : BaseEpass
         NAOU16017 : MD-ePASS Dir=C:\INETPUT\WWWROOT\MDPASS
         NAOU16017 : MD DATA Dir=C:\SUPER Update by date
         NAOU16017 : BaseESuperClean
NAOU16017 (Jordan.Kalfen) : Superupd.bat batch file was created successfully.

File = c:\superupd.bat
NAOU16017 (Jordan.Kalfen) : Updating - Thu May 18 19:08:30 2017 GMT from \\chisrc1\src and \\chisrc1\data based on C:\Users\Jordan.Kalfen\Work\sldev\util\superupd\superupd.dat
NAOU16017 (Jordan.Kalfen) : Batch Creation ONLY
         NAOU16017 : ROUTE, BRIDGE, RM Dir=C:\SUPER
         NAOU16017 : BaseESuper
         NAOU16017 : BaseEpass
         NAOU16017 : MD-ePASS Dir=C:\Web\MDMVC
         NAOU16017 : MD DATA Dir=C:\SUPER Update by date
         NAOU16017 : BaseESuperClean
NAOU16017 (Jordan.Kalfen) : Superupd.bat batch file was created successfully.

File = c:\superupd.bat
NAOU16017 (Jordan.Kalfen) : Updating - Thu May 18 19:10:59 2017 GMT from \\chisrc1\src and \\chisrc1\data based on C:\Users\Jordan.Kalfen\Work\sldev\util\superupd\superupd.dat
NAOU16017 (Jordan.Kalfen) : Batch Creation ONLY
         NAOU16017 : ROUTE, BRIDGE, RM Dir=C:\SUPER
         NAOU16017 : BaseESuper
         NAOU16017 : BaseEpass
         NAOU16017 : MD-ePASS Dir=C:\Web\MDMVC
         NAOU16017 : MD DATA Dir=C:\SUPER Update by date
         NAOU16017 : BaseESuperClean
NAOU16017 (Jordan.Kalfen) : Superupd.bat batch file was created successfully.

File = c:\superupd.bat
NAOU16017 (Jordan.Kalfen) : Updating - Thu May 18 20:29:17 2017 GMT from \\chisrc1\src and \\chisrc1\data based on C:\Users\Jordan.Kalfen\Work\sldev\util\superupd\superupd.dat
         NAOU16017 : ROUTE, BRIDGE, RM Dir=C:\SUPER
         NAOU16017 : BaseESuper
         NAOU16017 : BaseEpass
         NAOU16017 : MD-ePASS Dir=C:\Web\MDMVC
         NAOU16017 : MD DATA Dir=C:\SUPER Update by date
         NAOU16017 : BaseESuperClean
NAOU16017 (Jordan.Kalfen) : Complete - Thu May 18 20:34:38 2017 GMT(ET=5.35 m)
NAOU16017 (Jordan.Kalfen) : Updating - Thu May 18 20:39:17 2017 GMT from \\chisrc1\src and \\chisrc1\data based on C:\Users\Jordan.Kalfen\Work\sldev\util\superupd\superupd.dat
         NAOU16017 : ROUTE, BRIDGE, RM Dir=C:\SUPER
         NAOU16017 : BaseESuper
         NAOU16017 : BaseEpass
         NAOU16017 : MD-ePASS Dir=C:\INETPUB\WWWROOT\MDMVC
         NAOU16017 : MD DATA Dir=C:\SUPER Update by date
         NAOU16017 : BaseESuperClean
NAOU16017 (Jordan.Kalfen) : Complete - Thu May 18 20:42:53 2017 GMT(ET=3.60 m)
NAOU16017 (Jordan.Kalfen) : Updating - Thu May 18 20:45:05 2017 GMT from \\chisrc1\src and \\chisrc1\data based on C:\Users\Jordan.Kalfen\Work\sldev\util\superupd\superupd.dat
         NAOU16017 : ROUTE, BRIDGE, RM Dir=C:\SUPER
         NAOU16017 : BaseESuper
         NAOU16017 : BaseEpass
         NAOU16017 : MO-ePASS Dir=C:\Web\MOPASS
         NAOU16017 : MO DATA Dir=C:\SUPER Update by date
         NAOU16017 : BaseESuperClean
NAOU16017 (Jordan.Kalfen) : Complete - Thu May 18 20:48:30 2017 GMT(ET=3.42 m)
NAOU16017 (Jordan.Kalfen) : Updating - Thu May 18 21:23:16 2017 GMT from \\chisrc1\src and \\chisrc1\data based on C:\Users\Jordan.Kalfen\Work\sldev\util\superupd\superupd.dat
         NAOU16017 : ROUTE, BRIDGE, RM Dir=C:\SUPER
         NAOU16017 : BaseESuper
         NAOU16017 : BaseEpass
         NAOU16017 : MO-ePASS Dir=C:\Web\MOPASS
         NAOU16017 : MO DATA Dir=C:\SUPER Update by date
         NAOU16017 : BaseESuperClean
NAOU16017 (Jordan.Kalfen) : Complete - Thu May 18 21:23:48 2017 GMT(ET=0.53 m)
NAOU16017 (Jordan.Kalfen) : Updating - Thu May 18 21:24:00 2017 GMT from \\chisrc1\src and \\chisrc1\data based on C:\Users\Jordan.Kalfen\Work\sldev\util\superupd\superupd.dat
         NAOU16017 : ROUTE, BRIDGE, RM Dir=C:\SUPER
         NAOU16017 : BaseESuper
         NAOU16017 : BaseEpass
         NAOU16017 : MO-ePASS Dir=C:\Web\MOPERMIT
         NAOU16017 : MO DATA Dir=C:\SUPER Update by date
         NAOU16017 : BaseESuperClean
NAOU16017 (Jordan.Kalfen) : Complete - Thu May 18 21:25:41 2017 GMT(ET=1.68 m)
NAOU16017 (Jordan.Kalfen) : Updating - Thu May 18 21:28:32 2017 GMT from \\chisrc1\src and \\chisrc1\data based on C:\Users\Jordan.Kalfen\Work\sldev\util\superupd\superupd.dat
         NAOU16017 : ROUTE, BRIDGE, RM Dir=C:\SUPER
         NAOU16017 : BaseESuper
         NAOU16017 : BaseEpass
         NAOU16017 : MO-ePASS Dir=C:\Web\MOPERMIT
         NAOU16017 : MO DATA Dir=C:\SUPER Update by date
         NAOU16017 : BaseESuperClean
NAOU16017 (Jordan.Kalfen) : Complete - Thu May 18 21:30:06 2017 GMT(ET=1.57 m)
